<?xml version="1.0" encoding="UTF-8"?>
<!-- Generated by org.testng.reporters.JUnitReportReporter -->
<testsuite hostname="7SGLR9X07CV" name="test.PhoneBookTest" tests="1" failures="0" timestamp="13 Jul 2016 12:24:30 GMT" time="0.006" errors="0">
  <testcase name="testSortByName" time="0.006" classname="test.PhoneBookTest"/>
</testsuite> <!-- test.PhoneBookTest -->
