<?xml version="1.0" encoding="UTF-8"?>
<!-- Generated by org.testng.reporters.JUnitReportReporter -->
<testsuite hostname="7SGLR9X07CV" name="test.PhoneBookTest" tests="2" failures="0" timestamp="10 Jul 2016 17:20:27 GMT" time="0.009" errors="0">
  <testcase name="testGroup" time="0.002" classname="test.PhoneBookTest"/>
  <testcase name="testAdd" time="0.007" classname="test.PhoneBookTest"/>
</testsuite> <!-- test.PhoneBookTest -->
